<?xml version="1.0" encoding="UTF-8"?>
<!-- Generated by org.testng.reporters.JUnitReportReporter -->
<testsuite hostname="CIPL1300QA" failures="0" tests="1" name="testcomponents.BaseTest" time="1.421" errors="0" timestamp="2022-12-29T18:32:44 IST" skipped="0">
  <testcase classname="testcomponents.BaseTest" name="tearDown" time="1.421"/>
  <system-out/>
</testsuite> <!-- testcomponents.BaseTest -->
