<?xml version="1.0" encoding="UTF-8"?>
<!-- Generated by org.testng.reporters.JUnitReportReporter -->
<testsuite hostname="CIPL1300QA" failures="0" tests="1" name="AmazonPageObject.Excel" time="0.018" errors="0" timestamp="2023-01-05T15:40:52 IST" skipped="0">
  <testcase classname="AmazonPageObject.Excel" name="data" time="0.018"/>
  <system-out/>
</testsuite> <!-- AmazonPageObject.Excel -->
